<?xml version="1.0" encoding="UTF-8"?>
<testsuite xmlns:xsi="http://www.w3.org/2001/XMLSchema-instance" xsi:noNamespaceSchemaLocation="https://maven.apache.org/surefire/maven-surefire-plugin/xsd/surefire-test-report-3.0.xsd" version="3.0" name="runners.WebBaseRunner" time="45.023" tests="1" errors="0" skipped="0" failures="0">
  <properties>
    <property name="gopherProxySet" value="false"/>
    <property name="awt.toolkit" value="sun.lwawt.macosx.LWCToolkit"/>
    <property name="java.specification.version" value="11"/>
    <property name="sun.cpu.isalist" value=""/>
    <property name="sun.jnu.encoding" value="UTF-8"/>
    <property name="java.class.path" value="/Users/israel.garate/IdeaProjects/Framework_Pruebas/target/test-classes:/Users/israel.garate/IdeaProjects/Framework_Pruebas/target/classes:/Users/israel.garate/.m2/repository/tech/grasshopper/extentreports-cucumber7-adapter/1.3.2/extentreports-cucumber7-adapter-1.3.2.jar:/Users/israel.garate/.m2/repository/com/aventstack/extentreports/5.0.9/extentreports-5.0.9.jar:/Users/israel.garate/.m2/repository/io/reactivex/rxjava3/rxjava/3.0.4/rxjava-3.0.4.jar:/Users/israel.garate/.m2/repository/org/reactivestreams/reactive-streams/1.0.3/reactive-streams-1.0.3.jar:/Users/israel.garate/.m2/repository/org/freemarker/freemarker/2.3.30/freemarker-2.3.30.jar:/Users/israel.garate/.m2/repository/org/projectlombok/lombok/1.18.12/lombok-1.18.12.jar:/Users/israel.garate/.m2/repository/tech/grasshopper/extent-pdf-report/2.3.0/extent-pdf-report-2.3.0.jar:/Users/israel.garate/.m2/repository/tech/grasshopper/cucumber-pdf-report/2.6.1/cucumber-pdf-report-2.6.1.jar:/Users/israel.garate/.m2/repository/org/apache/pdfbox/pdfbox/2.0.25/pdfbox-2.0.25.jar:/Users/israel.garate/.m2/repository/org/apache/pdfbox/fontbox/2.0.25/fontbox-2.0.25.jar:/Users/israel.garate/.m2/repository/org/knowm/xchart/xchart/3.8.0/xchart-3.8.0.jar:/Users/israel.garate/.m2/repository/de/erichseifert/vectorgraphics2d/VectorGraphics2D/0.13/VectorGraphics2D-0.13.jar:/Users/israel.garate/.m2/repository/de/rototor/pdfbox/graphics2d/0.30/graphics2d-0.30.jar:/Users/israel.garate/.m2/repository/com/madgag/animated-gif-lib/1.4/animated-gif-lib-1.4.jar:/Users/israel.garate/.m2/repository/org/yaml/snakeyaml/1.28/snakeyaml-1.28.jar:/Users/israel.garate/.m2/repository/tech/grasshopper/table-layout/1.4.0/table-layout-1.4.0.jar:/Users/israel.garate/.m2/repository/tech/grasshopper/rest-assured-cucumber-pdf-report/1.2.0/rest-assured-cucumber-pdf-report-1.2.0.jar:/Users/israel.garate/.m2/repository/org/jsoup/jsoup/1.14.3/jsoup-1.14.3.jar:/Users/israel.garate/.m2/repository/com/aventstack/klov-reporter/5.0.9/klov-reporter-5.0.9.jar:/Users/israel.garate/.m2/repository/org/mongodb/mongodb-driver/3.6.4/mongodb-driver-3.6.4.jar:/Users/israel.garate/.m2/repository/org/mongodb/mongodb-driver-core/3.6.4/mongodb-driver-core-3.6.4.jar:/Users/israel.garate/.m2/repository/org/mongodb/bson/3.6.4/bson-3.6.4.jar:/Users/israel.garate/.m2/repository/tech/grasshopper/htmlextentreporter/1.0.1/htmlextentreporter-1.0.1.jar:/Users/israel.garate/.m2/repository/org/seleniumhq/selenium/selenium-java/4.1.3/selenium-java-4.1.3.jar:/Users/israel.garate/.m2/repository/org/seleniumhq/selenium/selenium-api/4.1.3/selenium-api-4.1.3.jar:/Users/israel.garate/.m2/repository/org/seleniumhq/selenium/selenium-chrome-driver/4.1.3/selenium-chrome-driver-4.1.3.jar:/Users/israel.garate/.m2/repository/com/google/auto/service/auto-service-annotations/1.0.1/auto-service-annotations-1.0.1.jar:/Users/israel.garate/.m2/repository/com/google/auto/service/auto-service/1.0.1/auto-service-1.0.1.jar:/Users/israel.garate/.m2/repository/com/google/auto/auto-common/1.2/auto-common-1.2.jar:/Users/israel.garate/.m2/repository/com/google/guava/guava/31.1-jre/guava-31.1-jre.jar:/Users/israel.garate/.m2/repository/com/google/guava/failureaccess/1.0.1/failureaccess-1.0.1.jar:/Users/israel.garate/.m2/repository/com/google/guava/listenablefuture/9999.0-empty-to-avoid-conflict-with-guava/listenablefuture-9999.0-empty-to-avoid-conflict-with-guava.jar:/Users/israel.garate/.m2/repository/com/google/code/findbugs/jsr305/3.0.2/jsr305-3.0.2.jar:/Users/israel.garate/.m2/repository/com/google/errorprone/error_prone_annotations/2.11.0/error_prone_annotations-2.11.0.jar:/Users/israel.garate/.m2/repository/com/google/j2objc/j2objc-annotations/1.3/j2objc-annotations-1.3.jar:/Users/israel.garate/.m2/repository/org/seleniumhq/selenium/selenium-chromium-driver/4.1.3/selenium-chromium-driver-4.1.3.jar:/Users/israel.garate/.m2/repository/org/seleniumhq/selenium/selenium-json/4.1.3/selenium-json-4.1.3.jar:/Users/israel.garate/.m2/repository/org/seleniumhq/selenium/selenium-devtools-v85/4.1.3/selenium-devtools-v85-4.1.3.jar:/Users/israel.garate/.m2/repository/org/seleniumhq/selenium/selenium-devtools-v97/4.1.3/selenium-devtools-v97-4.1.3.jar:/Users/israel.garate/.m2/repository/org/seleniumhq/selenium/selenium-devtools-v98/4.1.3/selenium-devtools-v98-4.1.3.jar:/Users/israel.garate/.m2/repository/org/seleniumhq/selenium/selenium-devtools-v99/4.1.3/selenium-devtools-v99-4.1.3.jar:/Users/israel.garate/.m2/repository/org/seleniumhq/selenium/selenium-edge-driver/4.1.3/selenium-edge-driver-4.1.3.jar:/Users/israel.garate/.m2/repository/org/seleniumhq/selenium/selenium-firefox-driver/4.1.3/selenium-firefox-driver-4.1.3.jar:/Users/israel.garate/.m2/repository/org/seleniumhq/selenium/selenium-ie-driver/4.1.3/selenium-ie-driver-4.1.3.jar:/Users/israel.garate/.m2/repository/org/seleniumhq/selenium/selenium-opera-driver/4.1.3/selenium-opera-driver-4.1.3.jar:/Users/israel.garate/.m2/repository/org/seleniumhq/selenium/selenium-remote-driver/4.1.3/selenium-remote-driver-4.1.3.jar:/Users/israel.garate/.m2/repository/com/beust/jcommander/1.82/jcommander-1.82.jar:/Users/israel.garate/.m2/repository/io/netty/netty-buffer/4.1.75.Final/netty-buffer-4.1.75.Final.jar:/Users/israel.garate/.m2/repository/io/netty/netty-codec-http/4.1.75.Final/netty-codec-http-4.1.75.Final.jar:/Users/israel.garate/.m2/repository/io/netty/netty-codec/4.1.75.Final/netty-codec-4.1.75.Final.jar:/Users/israel.garate/.m2/repository/io/netty/netty-handler/4.1.75.Final/netty-handler-4.1.75.Final.jar:/Users/israel.garate/.m2/repository/io/netty/netty-common/4.1.75.Final/netty-common-4.1.75.Final.jar:/Users/israel.garate/.m2/repository/io/netty/netty-transport-classes-epoll/4.1.75.Final/netty-transport-classes-epoll-4.1.75.Final.jar:/Users/israel.garate/.m2/repository/io/netty/netty-transport-classes-kqueue/4.1.75.Final/netty-transport-classes-kqueue-4.1.75.Final.jar:/Users/israel.garate/.m2/repository/io/netty/netty-transport-native-epoll/4.1.75.Final/netty-transport-native-epoll-4.1.75.Final.jar:/Users/israel.garate/.m2/repository/io/netty/netty-transport-native-kqueue/4.1.75.Final/netty-transport-native-kqueue-4.1.75.Final.jar:/Users/israel.garate/.m2/repository/io/netty/netty-transport-native-unix-common/4.1.75.Final/netty-transport-native-unix-common-4.1.75.Final.jar:/Users/israel.garate/.m2/repository/io/netty/netty-transport/4.1.75.Final/netty-transport-4.1.75.Final.jar:/Users/israel.garate/.m2/repository/io/netty/netty-resolver/4.1.75.Final/netty-resolver-4.1.75.Final.jar:/Users/israel.garate/.m2/repository/io/opentelemetry/opentelemetry-api/1.12.0/opentelemetry-api-1.12.0.jar:/Users/israel.garate/.m2/repository/io/opentelemetry/opentelemetry-context/1.12.0/opentelemetry-context-1.12.0.jar:/Users/israel.garate/.m2/repository/io/opentelemetry/opentelemetry-exporter-logging/1.12.0/opentelemetry-exporter-logging-1.12.0.jar:/Users/israel.garate/.m2/repository/io/opentelemetry/opentelemetry-sdk-metrics/1.12.0-alpha/opentelemetry-sdk-metrics-1.12.0-alpha.jar:/Users/israel.garate/.m2/repository/io/opentelemetry/opentelemetry-sdk-logs/1.12.0-alpha/opentelemetry-sdk-logs-1.12.0-alpha.jar:/Users/israel.garate/.m2/repository/io/opentelemetry/opentelemetry-sdk-common/1.12.0/opentelemetry-sdk-common-1.12.0.jar:/Users/israel.garate/.m2/repository/io/opentelemetry/opentelemetry-sdk-extension-autoconfigure-spi/1.12.0/opentelemetry-sdk-extension-autoconfigure-spi-1.12.0.jar:/Users/israel.garate/.m2/repository/io/opentelemetry/opentelemetry-sdk-extension-autoconfigure/1.12.0-alpha/opentelemetry-sdk-extension-autoconfigure-1.12.0-alpha.jar:/Users/israel.garate/.m2/repository/io/opentelemetry/opentelemetry-sdk-trace/1.12.0/opentelemetry-sdk-trace-1.12.0.jar:/Users/israel.garate/.m2/repository/io/opentelemetry/opentelemetry-sdk/1.12.0/opentelemetry-sdk-1.12.0.jar:/Users/israel.garate/.m2/repository/io/opentelemetry/opentelemetry-semconv/1.12.0-alpha/opentelemetry-semconv-1.12.0-alpha.jar:/Users/israel.garate/.m2/repository/io/ous/jtoml/2.0.0/jtoml-2.0.0.jar:/Users/israel.garate/.m2/repository/net/bytebuddy/byte-buddy/1.12.8/byte-buddy-1.12.8.jar:/Users/israel.garate/.m2/repository/org/apache/commons/commons-exec/1.3/commons-exec-1.3.jar:/Users/israel.garate/.m2/repository/org/asynchttpclient/async-http-client/2.12.3/async-http-client-2.12.3.jar:/Users/israel.garate/.m2/repository/org/asynchttpclient/async-http-client-netty-utils/2.12.3/async-http-client-netty-utils-2.12.3.jar:/Users/israel.garate/.m2/repository/io/netty/netty-codec-socks/4.1.60.Final/netty-codec-socks-4.1.60.Final.jar:/Users/israel.garate/.m2/repository/io/netty/netty-handler-proxy/4.1.60.Final/netty-handler-proxy-4.1.60.Final.jar:/Users/israel.garate/.m2/repository/io/netty/netty-transport-native-epoll/4.1.60.Final/netty-transport-native-epoll-4.1.60.Final-linux-x86_64.jar:/Users/israel.garate/.m2/repository/io/netty/netty-transport-native-kqueue/4.1.60.Final/netty-transport-native-kqueue-4.1.60.Final-osx-x86_64.jar:/Users/israel.garate/.m2/repository/com/typesafe/netty/netty-reactive-streams/2.0.4/netty-reactive-streams-2.0.4.jar:/Users/israel.garate/.m2/repository/com/sun/activation/jakarta.activation/1.2.2/jakarta.activation-1.2.2.jar:/Users/israel.garate/.m2/repository/org/seleniumhq/selenium/selenium-http/4.1.3/selenium-http-4.1.3.jar:/Users/israel.garate/.m2/repository/dev/failsafe/failsafe/3.2.3/failsafe-3.2.3.jar:/Users/israel.garate/.m2/repository/org/seleniumhq/selenium/selenium-safari-driver/4.1.3/selenium-safari-driver-4.1.3.jar:/Users/israel.garate/.m2/repository/org/seleniumhq/selenium/selenium-support/4.1.3/selenium-support-4.1.3.jar:/Users/israel.garate/.m2/repository/io/github/bonigarcia/webdrivermanager/5.1.1/webdrivermanager-5.1.1.jar:/Users/israel.garate/.m2/repository/org/slf4j/slf4j-api/1.7.36/slf4j-api-1.7.36.jar:/Users/israel.garate/.m2/repository/com/github/docker-java/docker-java/3.2.13/docker-java-3.2.13.jar:/Users/israel.garate/.m2/repository/com/github/docker-java/docker-java-core/3.2.13/docker-java-core-3.2.13.jar:/Users/israel.garate/.m2/repository/com/github/docker-java/docker-java-api/3.2.13/docker-java-api-3.2.13.jar:/Users/israel.garate/.m2/repository/com/fasterxml/jackson/core/jackson-annotations/2.10.3/jackson-annotations-2.10.3.jar:/Users/israel.garate/.m2/repository/commons-io/commons-io/2.6/commons-io-2.6.jar:/Users/israel.garate/.m2/repository/org/apache/commons/commons-compress/1.21/commons-compress-1.21.jar:/Users/israel.garate/.m2/repository/com/fasterxml/jackson/core/jackson-databind/2.10.3/jackson-databind-2.10.3.jar:/Users/israel.garate/.m2/repository/com/fasterxml/jackson/core/jackson-core/2.10.3/jackson-core-2.10.3.jar:/Users/israel.garate/.m2/repository/org/bouncycastle/bcpkix-jdk15on/1.64/bcpkix-jdk15on-1.64.jar:/Users/israel.garate/.m2/repository/org/bouncycastle/bcprov-jdk15on/1.64/bcprov-jdk15on-1.64.jar:/Users/israel.garate/.m2/repository/org/slf4j/jcl-over-slf4j/1.7.30/jcl-over-slf4j-1.7.30.jar:/Users/israel.garate/.m2/repository/com/github/docker-java/docker-java-transport-httpclient5/3.2.13/docker-java-transport-httpclient5-3.2.13.jar:/Users/israel.garate/.m2/repository/com/github/docker-java/docker-java-transport/3.2.13/docker-java-transport-3.2.13.jar:/Users/israel.garate/.m2/repository/net/java/dev/jna/jna/5.8.0/jna-5.8.0.jar:/Users/israel.garate/.m2/repository/org/brotli/dec/0.1.2/dec-0.1.2.jar:/Users/israel.garate/.m2/repository/org/apache/commons/commons-lang3/3.12.0/commons-lang3-3.12.0.jar:/Users/israel.garate/.m2/repository/org/apache/httpcomponents/client5/httpclient5/5.1.3/httpclient5-5.1.3.jar:/Users/israel.garate/.m2/repository/org/apache/httpcomponents/core5/httpcore5/5.1.3/httpcore5-5.1.3.jar:/Users/israel.garate/.m2/repository/org/apache/httpcomponents/core5/httpcore5-h2/5.1.3/httpcore5-h2-5.1.3.jar:/Users/israel.garate/.m2/repository/commons-codec/commons-codec/1.15/commons-codec-1.15.jar:/Users/israel.garate/.m2/repository/io/cucumber/cucumber-junit/7.2.3/cucumber-junit-7.2.3.jar:/Users/israel.garate/.m2/repository/org/apiguardian/apiguardian-api/1.1.2/apiguardian-api-1.1.2.jar:/Users/israel.garate/.m2/repository/io/cucumber/cucumber-core/7.2.3/cucumber-core-7.2.3.jar:/Users/israel.garate/.m2/repository/io/cucumber/cucumber-gherkin/7.2.3/cucumber-gherkin-7.2.3.jar:/Users/israel.garate/.m2/repository/io/cucumber/cucumber-gherkin-messages/7.2.3/cucumber-gherkin-messages-7.2.3.jar:/Users/israel.garate/.m2/repository/io/cucumber/messages/17.1.1/messages-17.1.1.jar:/Users/israel.garate/.m2/repository/io/cucumber/tag-expressions/4.1.0/tag-expressions-4.1.0.jar:/Users/israel.garate/.m2/repository/io/cucumber/cucumber-expressions/15.0.1/cucumber-expressions-15.0.1.jar:/Users/israel.garate/.m2/repository/io/cucumber/datatable/7.2.3/datatable-7.2.3.jar:/Users/israel.garate/.m2/repository/io/cucumber/cucumber-plugin/7.2.3/cucumber-plugin-7.2.3.jar:/Users/israel.garate/.m2/repository/io/cucumber/docstring/7.2.3/docstring-7.2.3.jar:/Users/israel.garate/.m2/repository/io/cucumber/html-formatter/17.0.0/html-formatter-17.0.0.jar:/Users/israel.garate/.m2/repository/io/cucumber/ci-environment/8.1.0/ci-environment-8.1.0.jar:/Users/israel.garate/.m2/repository/junit/junit/4.13.2/junit-4.13.2.jar:/Users/israel.garate/.m2/repository/org/hamcrest/hamcrest-core/1.3/hamcrest-core-1.3.jar:/Users/israel.garate/.m2/repository/io/cucumber/cucumber-java/7.2.3/cucumber-java-7.2.3.jar:/Users/israel.garate/.m2/repository/io/cucumber/cucumber-picocontainer/7.2.3/cucumber-picocontainer-7.2.3.jar:/Users/israel.garate/.m2/repository/org/picocontainer/picocontainer/2.15/picocontainer-2.15.jar:/Users/israel.garate/.m2/repository/com/google/code/gson/gson/2.8.6/gson-2.8.6.jar:/Users/israel.garate/.m2/repository/io/rest-assured/rest-assured/5.0.1/rest-assured-5.0.1.jar:/Users/israel.garate/.m2/repository/org/apache/groovy/groovy/4.0.1/groovy-4.0.1.jar:/Users/israel.garate/.m2/repository/org/apache/groovy/groovy-xml/4.0.1/groovy-xml-4.0.1.jar:/Users/israel.garate/.m2/repository/org/apache/httpcomponents/httpclient/4.5.13/httpclient-4.5.13.jar:/Users/israel.garate/.m2/repository/org/apache/httpcomponents/httpcore/4.4.13/httpcore-4.4.13.jar:/Users/israel.garate/.m2/repository/commons-logging/commons-logging/1.2/commons-logging-1.2.jar:/Users/israel.garate/.m2/repository/org/apache/httpcomponents/httpmime/4.5.13/httpmime-4.5.13.jar:/Users/israel.garate/.m2/repository/org/hamcrest/hamcrest/2.1/hamcrest-2.1.jar:/Users/israel.garate/.m2/repository/org/ccil/cowan/tagsoup/tagsoup/1.2.1/tagsoup-1.2.1.jar:/Users/israel.garate/.m2/repository/io/rest-assured/json-path/5.0.1/json-path-5.0.1.jar:/Users/israel.garate/.m2/repository/org/apache/groovy/groovy-json/4.0.1/groovy-json-4.0.1.jar:/Users/israel.garate/.m2/repository/io/rest-assured/rest-assured-common/5.0.1/rest-assured-common-5.0.1.jar:/Users/israel.garate/.m2/repository/io/rest-assured/xml-path/5.0.1/xml-path-5.0.1.jar:/Users/israel.garate/.m2/repository/com/googlecode/json-simple/json-simple/1.1.1/json-simple-1.1.1.jar:/Users/israel.garate/.m2/repository/org/postgresql/postgresql/42.3.3/postgresql-42.3.3.jar:/Users/israel.garate/.m2/repository/org/checkerframework/checker-qual/3.5.0/checker-qual-3.5.0.jar:/Users/israel.garate/.m2/repository/com/sun/mail/javax.mail/1.6.2/javax.mail-1.6.2.jar:/Users/israel.garate/.m2/repository/javax/activation/activation/1.1/activation-1.1.jar:/Users/israel.garate/.m2/repository/com/microsoft/sqlserver/mssql-jdbc/10.2.0.jre8/mssql-jdbc-10.2.0.jre8.jar:"/>
    <property name="java.vm.vendor" value="Amazon.com Inc."/>
    <property name="sun.arch.data.model" value="64"/>
    <property name="java.vendor.url" value="https://aws.amazon.com/corretto/"/>
    <property name="user.timezone" value=""/>
    <property name="java.vm.specification.version" value="11"/>
    <property name="os.name" value="Mac OS X"/>
    <property name="sun.java.launcher" value="SUN_STANDARD"/>
    <property name="user.country" value="419"/>
    <property name="sun.boot.library.path" value="/Users/israel.garate/Library/Java/JavaVirtualMachines/corretto-11.0.16.1/Contents/Home/lib"/>
    <property name="sun.java.command" value="/Users/israel.garate/IdeaProjects/Framework_Pruebas/target/surefire/surefirebooter14116614049490888854.jar /Users/israel.garate/IdeaProjects/Framework_Pruebas/target/surefire 2022-10-24T14-59-12_311-jvmRun1 surefire14622875945993847591tmp surefire_013536971815412529538tmp"/>
    <property name="http.nonProxyHosts" value="local|*.local|169.254/16|*.169.254/16"/>
    <property name="jdk.debug" value="release"/>
    <property name="surefire.test.class.path" value="/Users/israel.garate/IdeaProjects/Framework_Pruebas/target/test-classes:/Users/israel.garate/IdeaProjects/Framework_Pruebas/target/classes:/Users/israel.garate/.m2/repository/tech/grasshopper/extentreports-cucumber7-adapter/1.3.2/extentreports-cucumber7-adapter-1.3.2.jar:/Users/israel.garate/.m2/repository/com/aventstack/extentreports/5.0.9/extentreports-5.0.9.jar:/Users/israel.garate/.m2/repository/io/reactivex/rxjava3/rxjava/3.0.4/rxjava-3.0.4.jar:/Users/israel.garate/.m2/repository/org/reactivestreams/reactive-streams/1.0.3/reactive-streams-1.0.3.jar:/Users/israel.garate/.m2/repository/org/freemarker/freemarker/2.3.30/freemarker-2.3.30.jar:/Users/israel.garate/.m2/repository/org/projectlombok/lombok/1.18.12/lombok-1.18.12.jar:/Users/israel.garate/.m2/repository/tech/grasshopper/extent-pdf-report/2.3.0/extent-pdf-report-2.3.0.jar:/Users/israel.garate/.m2/repository/tech/grasshopper/cucumber-pdf-report/2.6.1/cucumber-pdf-report-2.6.1.jar:/Users/israel.garate/.m2/repository/org/apache/pdfbox/pdfbox/2.0.25/pdfbox-2.0.25.jar:/Users/israel.garate/.m2/repository/org/apache/pdfbox/fontbox/2.0.25/fontbox-2.0.25.jar:/Users/israel.garate/.m2/repository/org/knowm/xchart/xchart/3.8.0/xchart-3.8.0.jar:/Users/israel.garate/.m2/repository/de/erichseifert/vectorgraphics2d/VectorGraphics2D/0.13/VectorGraphics2D-0.13.jar:/Users/israel.garate/.m2/repository/de/rototor/pdfbox/graphics2d/0.30/graphics2d-0.30.jar:/Users/israel.garate/.m2/repository/com/madgag/animated-gif-lib/1.4/animated-gif-lib-1.4.jar:/Users/israel.garate/.m2/repository/org/yaml/snakeyaml/1.28/snakeyaml-1.28.jar:/Users/israel.garate/.m2/repository/tech/grasshopper/table-layout/1.4.0/table-layout-1.4.0.jar:/Users/israel.garate/.m2/repository/tech/grasshopper/rest-assured-cucumber-pdf-report/1.2.0/rest-assured-cucumber-pdf-report-1.2.0.jar:/Users/israel.garate/.m2/repository/org/jsoup/jsoup/1.14.3/jsoup-1.14.3.jar:/Users/israel.garate/.m2/repository/com/aventstack/klov-reporter/5.0.9/klov-reporter-5.0.9.jar:/Users/israel.garate/.m2/repository/org/mongodb/mongodb-driver/3.6.4/mongodb-driver-3.6.4.jar:/Users/israel.garate/.m2/repository/org/mongodb/mongodb-driver-core/3.6.4/mongodb-driver-core-3.6.4.jar:/Users/israel.garate/.m2/repository/org/mongodb/bson/3.6.4/bson-3.6.4.jar:/Users/israel.garate/.m2/repository/tech/grasshopper/htmlextentreporter/1.0.1/htmlextentreporter-1.0.1.jar:/Users/israel.garate/.m2/repository/org/seleniumhq/selenium/selenium-java/4.1.3/selenium-java-4.1.3.jar:/Users/israel.garate/.m2/repository/org/seleniumhq/selenium/selenium-api/4.1.3/selenium-api-4.1.3.jar:/Users/israel.garate/.m2/repository/org/seleniumhq/selenium/selenium-chrome-driver/4.1.3/selenium-chrome-driver-4.1.3.jar:/Users/israel.garate/.m2/repository/com/google/auto/service/auto-service-annotations/1.0.1/auto-service-annotations-1.0.1.jar:/Users/israel.garate/.m2/repository/com/google/auto/service/auto-service/1.0.1/auto-service-1.0.1.jar:/Users/israel.garate/.m2/repository/com/google/auto/auto-common/1.2/auto-common-1.2.jar:/Users/israel.garate/.m2/repository/com/google/guava/guava/31.1-jre/guava-31.1-jre.jar:/Users/israel.garate/.m2/repository/com/google/guava/failureaccess/1.0.1/failureaccess-1.0.1.jar:/Users/israel.garate/.m2/repository/com/google/guava/listenablefuture/9999.0-empty-to-avoid-conflict-with-guava/listenablefuture-9999.0-empty-to-avoid-conflict-with-guava.jar:/Users/israel.garate/.m2/repository/com/google/code/findbugs/jsr305/3.0.2/jsr305-3.0.2.jar:/Users/israel.garate/.m2/repository/com/google/errorprone/error_prone_annotations/2.11.0/error_prone_annotations-2.11.0.jar:/Users/israel.garate/.m2/repository/com/google/j2objc/j2objc-annotations/1.3/j2objc-annotations-1.3.jar:/Users/israel.garate/.m2/repository/org/seleniumhq/selenium/selenium-chromium-driver/4.1.3/selenium-chromium-driver-4.1.3.jar:/Users/israel.garate/.m2/repository/org/seleniumhq/selenium/selenium-json/4.1.3/selenium-json-4.1.3.jar:/Users/israel.garate/.m2/repository/org/seleniumhq/selenium/selenium-devtools-v85/4.1.3/selenium-devtools-v85-4.1.3.jar:/Users/israel.garate/.m2/repository/org/seleniumhq/selenium/selenium-devtools-v97/4.1.3/selenium-devtools-v97-4.1.3.jar:/Users/israel.garate/.m2/repository/org/seleniumhq/selenium/selenium-devtools-v98/4.1.3/selenium-devtools-v98-4.1.3.jar:/Users/israel.garate/.m2/repository/org/seleniumhq/selenium/selenium-devtools-v99/4.1.3/selenium-devtools-v99-4.1.3.jar:/Users/israel.garate/.m2/repository/org/seleniumhq/selenium/selenium-edge-driver/4.1.3/selenium-edge-driver-4.1.3.jar:/Users/israel.garate/.m2/repository/org/seleniumhq/selenium/selenium-firefox-driver/4.1.3/selenium-firefox-driver-4.1.3.jar:/Users/israel.garate/.m2/repository/org/seleniumhq/selenium/selenium-ie-driver/4.1.3/selenium-ie-driver-4.1.3.jar:/Users/israel.garate/.m2/repository/org/seleniumhq/selenium/selenium-opera-driver/4.1.3/selenium-opera-driver-4.1.3.jar:/Users/israel.garate/.m2/repository/org/seleniumhq/selenium/selenium-remote-driver/4.1.3/selenium-remote-driver-4.1.3.jar:/Users/israel.garate/.m2/repository/com/beust/jcommander/1.82/jcommander-1.82.jar:/Users/israel.garate/.m2/repository/io/netty/netty-buffer/4.1.75.Final/netty-buffer-4.1.75.Final.jar:/Users/israel.garate/.m2/repository/io/netty/netty-codec-http/4.1.75.Final/netty-codec-http-4.1.75.Final.jar:/Users/israel.garate/.m2/repository/io/netty/netty-codec/4.1.75.Final/netty-codec-4.1.75.Final.jar:/Users/israel.garate/.m2/repository/io/netty/netty-handler/4.1.75.Final/netty-handler-4.1.75.Final.jar:/Users/israel.garate/.m2/repository/io/netty/netty-common/4.1.75.Final/netty-common-4.1.75.Final.jar:/Users/israel.garate/.m2/repository/io/netty/netty-transport-classes-epoll/4.1.75.Final/netty-transport-classes-epoll-4.1.75.Final.jar:/Users/israel.garate/.m2/repository/io/netty/netty-transport-classes-kqueue/4.1.75.Final/netty-transport-classes-kqueue-4.1.75.Final.jar:/Users/israel.garate/.m2/repository/io/netty/netty-transport-native-epoll/4.1.75.Final/netty-transport-native-epoll-4.1.75.Final.jar:/Users/israel.garate/.m2/repository/io/netty/netty-transport-native-kqueue/4.1.75.Final/netty-transport-native-kqueue-4.1.75.Final.jar:/Users/israel.garate/.m2/repository/io/netty/netty-transport-native-unix-common/4.1.75.Final/netty-transport-native-unix-common-4.1.75.Final.jar:/Users/israel.garate/.m2/repository/io/netty/netty-transport/4.1.75.Final/netty-transport-4.1.75.Final.jar:/Users/israel.garate/.m2/repository/io/netty/netty-resolver/4.1.75.Final/netty-resolver-4.1.75.Final.jar:/Users/israel.garate/.m2/repository/io/opentelemetry/opentelemetry-api/1.12.0/opentelemetry-api-1.12.0.jar:/Users/israel.garate/.m2/repository/io/opentelemetry/opentelemetry-context/1.12.0/opentelemetry-context-1.12.0.jar:/Users/israel.garate/.m2/repository/io/opentelemetry/opentelemetry-exporter-logging/1.12.0/opentelemetry-exporter-logging-1.12.0.jar:/Users/israel.garate/.m2/repository/io/opentelemetry/opentelemetry-sdk-metrics/1.12.0-alpha/opentelemetry-sdk-metrics-1.12.0-alpha.jar:/Users/israel.garate/.m2/repository/io/opentelemetry/opentelemetry-sdk-logs/1.12.0-alpha/opentelemetry-sdk-logs-1.12.0-alpha.jar:/Users/israel.garate/.m2/repository/io/opentelemetry/opentelemetry-sdk-common/1.12.0/opentelemetry-sdk-common-1.12.0.jar:/Users/israel.garate/.m2/repository/io/opentelemetry/opentelemetry-sdk-extension-autoconfigure-spi/1.12.0/opentelemetry-sdk-extension-autoconfigure-spi-1.12.0.jar:/Users/israel.garate/.m2/repository/io/opentelemetry/opentelemetry-sdk-extension-autoconfigure/1.12.0-alpha/opentelemetry-sdk-extension-autoconfigure-1.12.0-alpha.jar:/Users/israel.garate/.m2/repository/io/opentelemetry/opentelemetry-sdk-trace/1.12.0/opentelemetry-sdk-trace-1.12.0.jar:/Users/israel.garate/.m2/repository/io/opentelemetry/opentelemetry-sdk/1.12.0/opentelemetry-sdk-1.12.0.jar:/Users/israel.garate/.m2/repository/io/opentelemetry/opentelemetry-semconv/1.12.0-alpha/opentelemetry-semconv-1.12.0-alpha.jar:/Users/israel.garate/.m2/repository/io/ous/jtoml/2.0.0/jtoml-2.0.0.jar:/Users/israel.garate/.m2/repository/net/bytebuddy/byte-buddy/1.12.8/byte-buddy-1.12.8.jar:/Users/israel.garate/.m2/repository/org/apache/commons/commons-exec/1.3/commons-exec-1.3.jar:/Users/israel.garate/.m2/repository/org/asynchttpclient/async-http-client/2.12.3/async-http-client-2.12.3.jar:/Users/israel.garate/.m2/repository/org/asynchttpclient/async-http-client-netty-utils/2.12.3/async-http-client-netty-utils-2.12.3.jar:/Users/israel.garate/.m2/repository/io/netty/netty-codec-socks/4.1.60.Final/netty-codec-socks-4.1.60.Final.jar:/Users/israel.garate/.m2/repository/io/netty/netty-handler-proxy/4.1.60.Final/netty-handler-proxy-4.1.60.Final.jar:/Users/israel.garate/.m2/repository/io/netty/netty-transport-native-epoll/4.1.60.Final/netty-transport-native-epoll-4.1.60.Final-linux-x86_64.jar:/Users/israel.garate/.m2/repository/io/netty/netty-transport-native-kqueue/4.1.60.Final/netty-transport-native-kqueue-4.1.60.Final-osx-x86_64.jar:/Users/israel.garate/.m2/repository/com/typesafe/netty/netty-reactive-streams/2.0.4/netty-reactive-streams-2.0.4.jar:/Users/israel.garate/.m2/repository/com/sun/activation/jakarta.activation/1.2.2/jakarta.activation-1.2.2.jar:/Users/israel.garate/.m2/repository/org/seleniumhq/selenium/selenium-http/4.1.3/selenium-http-4.1.3.jar:/Users/israel.garate/.m2/repository/dev/failsafe/failsafe/3.2.3/failsafe-3.2.3.jar:/Users/israel.garate/.m2/repository/org/seleniumhq/selenium/selenium-safari-driver/4.1.3/selenium-safari-driver-4.1.3.jar:/Users/israel.garate/.m2/repository/org/seleniumhq/selenium/selenium-support/4.1.3/selenium-support-4.1.3.jar:/Users/israel.garate/.m2/repository/io/github/bonigarcia/webdrivermanager/5.1.1/webdrivermanager-5.1.1.jar:/Users/israel.garate/.m2/repository/org/slf4j/slf4j-api/1.7.36/slf4j-api-1.7.36.jar:/Users/israel.garate/.m2/repository/com/github/docker-java/docker-java/3.2.13/docker-java-3.2.13.jar:/Users/israel.garate/.m2/repository/com/github/docker-java/docker-java-core/3.2.13/docker-java-core-3.2.13.jar:/Users/israel.garate/.m2/repository/com/github/docker-java/docker-java-api/3.2.13/docker-java-api-3.2.13.jar:/Users/israel.garate/.m2/repository/com/fasterxml/jackson/core/jackson-annotations/2.10.3/jackson-annotations-2.10.3.jar:/Users/israel.garate/.m2/repository/commons-io/commons-io/2.6/commons-io-2.6.jar:/Users/israel.garate/.m2/repository/org/apache/commons/commons-compress/1.21/commons-compress-1.21.jar:/Users/israel.garate/.m2/repository/com/fasterxml/jackson/core/jackson-databind/2.10.3/jackson-databind-2.10.3.jar:/Users/israel.garate/.m2/repository/com/fasterxml/jackson/core/jackson-core/2.10.3/jackson-core-2.10.3.jar:/Users/israel.garate/.m2/repository/org/bouncycastle/bcpkix-jdk15on/1.64/bcpkix-jdk15on-1.64.jar:/Users/israel.garate/.m2/repository/org/bouncycastle/bcprov-jdk15on/1.64/bcprov-jdk15on-1.64.jar:/Users/israel.garate/.m2/repository/org/slf4j/jcl-over-slf4j/1.7.30/jcl-over-slf4j-1.7.30.jar:/Users/israel.garate/.m2/repository/com/github/docker-java/docker-java-transport-httpclient5/3.2.13/docker-java-transport-httpclient5-3.2.13.jar:/Users/israel.garate/.m2/repository/com/github/docker-java/docker-java-transport/3.2.13/docker-java-transport-3.2.13.jar:/Users/israel.garate/.m2/repository/net/java/dev/jna/jna/5.8.0/jna-5.8.0.jar:/Users/israel.garate/.m2/repository/org/brotli/dec/0.1.2/dec-0.1.2.jar:/Users/israel.garate/.m2/repository/org/apache/commons/commons-lang3/3.12.0/commons-lang3-3.12.0.jar:/Users/israel.garate/.m2/repository/org/apache/httpcomponents/client5/httpclient5/5.1.3/httpclient5-5.1.3.jar:/Users/israel.garate/.m2/repository/org/apache/httpcomponents/core5/httpcore5/5.1.3/httpcore5-5.1.3.jar:/Users/israel.garate/.m2/repository/org/apache/httpcomponents/core5/httpcore5-h2/5.1.3/httpcore5-h2-5.1.3.jar:/Users/israel.garate/.m2/repository/commons-codec/commons-codec/1.15/commons-codec-1.15.jar:/Users/israel.garate/.m2/repository/io/cucumber/cucumber-junit/7.2.3/cucumber-junit-7.2.3.jar:/Users/israel.garate/.m2/repository/org/apiguardian/apiguardian-api/1.1.2/apiguardian-api-1.1.2.jar:/Users/israel.garate/.m2/repository/io/cucumber/cucumber-core/7.2.3/cucumber-core-7.2.3.jar:/Users/israel.garate/.m2/repository/io/cucumber/cucumber-gherkin/7.2.3/cucumber-gherkin-7.2.3.jar:/Users/israel.garate/.m2/repository/io/cucumber/cucumber-gherkin-messages/7.2.3/cucumber-gherkin-messages-7.2.3.jar:/Users/israel.garate/.m2/repository/io/cucumber/messages/17.1.1/messages-17.1.1.jar:/Users/israel.garate/.m2/repository/io/cucumber/tag-expressions/4.1.0/tag-expressions-4.1.0.jar:/Users/israel.garate/.m2/repository/io/cucumber/cucumber-expressions/15.0.1/cucumber-expressions-15.0.1.jar:/Users/israel.garate/.m2/repository/io/cucumber/datatable/7.2.3/datatable-7.2.3.jar:/Users/israel.garate/.m2/repository/io/cucumber/cucumber-plugin/7.2.3/cucumber-plugin-7.2.3.jar:/Users/israel.garate/.m2/repository/io/cucumber/docstring/7.2.3/docstring-7.2.3.jar:/Users/israel.garate/.m2/repository/io/cucumber/html-formatter/17.0.0/html-formatter-17.0.0.jar:/Users/israel.garate/.m2/repository/io/cucumber/ci-environment/8.1.0/ci-environment-8.1.0.jar:/Users/israel.garate/.m2/repository/junit/junit/4.13.2/junit-4.13.2.jar:/Users/israel.garate/.m2/repository/org/hamcrest/hamcrest-core/1.3/hamcrest-core-1.3.jar:/Users/israel.garate/.m2/repository/io/cucumber/cucumber-java/7.2.3/cucumber-java-7.2.3.jar:/Users/israel.garate/.m2/repository/io/cucumber/cucumber-picocontainer/7.2.3/cucumber-picocontainer-7.2.3.jar:/Users/israel.garate/.m2/repository/org/picocontainer/picocontainer/2.15/picocontainer-2.15.jar:/Users/israel.garate/.m2/repository/com/google/code/gson/gson/2.8.6/gson-2.8.6.jar:/Users/israel.garate/.m2/repository/io/rest-assured/rest-assured/5.0.1/rest-assured-5.0.1.jar:/Users/israel.garate/.m2/repository/org/apache/groovy/groovy/4.0.1/groovy-4.0.1.jar:/Users/israel.garate/.m2/repository/org/apache/groovy/groovy-xml/4.0.1/groovy-xml-4.0.1.jar:/Users/israel.garate/.m2/repository/org/apache/httpcomponents/httpclient/4.5.13/httpclient-4.5.13.jar:/Users/israel.garate/.m2/repository/org/apache/httpcomponents/httpcore/4.4.13/httpcore-4.4.13.jar:/Users/israel.garate/.m2/repository/commons-logging/commons-logging/1.2/commons-logging-1.2.jar:/Users/israel.garate/.m2/repository/org/apache/httpcomponents/httpmime/4.5.13/httpmime-4.5.13.jar:/Users/israel.garate/.m2/repository/org/hamcrest/hamcrest/2.1/hamcrest-2.1.jar:/Users/israel.garate/.m2/repository/org/ccil/cowan/tagsoup/tagsoup/1.2.1/tagsoup-1.2.1.jar:/Users/israel.garate/.m2/repository/io/rest-assured/json-path/5.0.1/json-path-5.0.1.jar:/Users/israel.garate/.m2/repository/org/apache/groovy/groovy-json/4.0.1/groovy-json-4.0.1.jar:/Users/israel.garate/.m2/repository/io/rest-assured/rest-assured-common/5.0.1/rest-assured-common-5.0.1.jar:/Users/israel.garate/.m2/repository/io/rest-assured/xml-path/5.0.1/xml-path-5.0.1.jar:/Users/israel.garate/.m2/repository/com/googlecode/json-simple/json-simple/1.1.1/json-simple-1.1.1.jar:/Users/israel.garate/.m2/repository/org/postgresql/postgresql/42.3.3/postgresql-42.3.3.jar:/Users/israel.garate/.m2/repository/org/checkerframework/checker-qual/3.5.0/checker-qual-3.5.0.jar:/Users/israel.garate/.m2/repository/com/sun/mail/javax.mail/1.6.2/javax.mail-1.6.2.jar:/Users/israel.garate/.m2/repository/javax/activation/activation/1.1/activation-1.1.jar:/Users/israel.garate/.m2/repository/com/microsoft/sqlserver/mssql-jdbc/10.2.0.jre8/mssql-jdbc-10.2.0.jre8.jar:"/>
    <property name="sun.cpu.endian" value="little"/>
    <property name="user.home" value="/Users/israel.garate"/>
    <property name="user.language" value="es"/>
    <property name="java.specification.vendor" value="Oracle Corporation"/>
    <property name="java.version.date" value="2022-08-12"/>
    <property name="java.home" value="/Users/israel.garate/Library/Java/JavaVirtualMachines/corretto-11.0.16.1/Contents/Home"/>
    <property name="file.separator" value="/"/>
    <property name="basedir" value="/Users/israel.garate/IdeaProjects/Framework_Pruebas"/>
    <property name="java.vm.compressedOopsMode" value="Zero based"/>
    <property name="line.separator" value="&#10;"/>
    <property name="java.specification.name" value="Java Platform API Specification"/>
    <property name="java.vm.specification.vendor" value="Oracle Corporation"/>
    <property name="java.awt.graphicsenv" value="sun.awt.CGraphicsEnvironment"/>
    <property name="surefire.real.class.path" value="/Users/israel.garate/IdeaProjects/Framework_Pruebas/target/surefire/surefirebooter14116614049490888854.jar"/>
    <property name="sun.management.compiler" value="HotSpot 64-Bit Tiered Compilers"/>
    <property name="ftp.nonProxyHosts" value="local|*.local|169.254/16|*.169.254/16"/>
    <property name="java.runtime.version" value="11.0.16.1+9-LTS"/>
    <property name="user.name" value="israel.garate"/>
    <property name="path.separator" value=":"/>
    <property name="os.version" value="12.6"/>
    <property name="java.runtime.name" value="OpenJDK Runtime Environment"/>
    <property name="file.encoding" value="US-ASCII"/>
    <property name="java.vm.name" value="OpenJDK 64-Bit Server VM"/>
    <property name="java.vendor.version" value="Corretto-11.0.16.9.1"/>
    <property name="localRepository" value="/Users/israel.garate/.m2/repository"/>
    <property name="java.vendor.url.bug" value="https://github.com/corretto/corretto-11/issues/"/>
    <property name="java.io.tmpdir" value="/var/folders/4g/bfh719sx7tgcrwmkrfj3t3pw0000gp/T/"/>
    <property name="idea.version" value="2022.2.1"/>
    <property name="java.version" value="11.0.16.1"/>
    <property name="user.dir" value="/Users/israel.garate/IdeaProjects/Framework_Pruebas"/>
    <property name="os.arch" value="x86_64"/>
    <property name="java.vm.specification.name" value="Java Virtual Machine Specification"/>
    <property name="java.awt.printerjob" value="sun.lwawt.macosx.CPrinterJob"/>
    <property name="sun.os.patch.level" value="unknown"/>
    <property name="java.library.path" value="/Users/israel.garate/Library/Java/Extensions:/Library/Java/Extensions:/Network/Library/Java/Extensions:/System/Library/Java/Extensions:/usr/lib/java:."/>
    <property name="java.vm.info" value="mixed mode"/>
    <property name="java.vendor" value="Amazon.com Inc."/>
    <property name="java.vm.version" value="11.0.16.1+9-LTS"/>
    <property name="sun.io.unicode.encoding" value="UnicodeBig"/>
    <property name="java.class.version" value="55.0"/>
    <property name="socksNonProxyHosts" value="local|*.local|169.254/16|*.169.254/16"/>
  </properties>
  <testcase name="Busco Tsoft en google" classname="Google" time="36.451">
    <system-out><![CDATA[
Scenario: Busco Tsoft en google                 # src/test/resources/features/Google.feature:6
Driver Context Navegador: Chrome /Url: https://www.google.cl/

Sistema operativo ->mac os x 12.6

Chrome
Se selecciona Chrome
Esperando: 2s
  Given ingreso a google                        # definitions.BackgroundGoogle.ingresoAGoogle()

    Embedding [SUCCESS] Step ScreenShots [image/png 92286 bytes]

Esperando elemento
Esperando elemento
  When Ingreso "Tsoft" en la barra de busqueda  # definitions.GoogleBuscar.ingresoEnLaBarraDeBusqueda(java.lang.String)

    Embedding [SUCCESS] Step ScreenShots [image/png 694736 bytes]

Esperando elemento
  And selecciono e ingreso al resultado "TSOFT" # definitions.GoogleBuscar.seleccionoEIngresoAlResultado(java.lang.String)

    Embedding [SUCCESS] Step ScreenShots [image/png 685756 bytes]

  Then ingreso a la pagina de "Tsoft"           # definitions.GoogleBuscar.ingresoALaPaginaDe(java.lang.String)

    Embedding [SUCCESS] Step ScreenShots [image/png 685756 bytes]

]]></system-out>
    <system-err><![CDATA[SLF4J: Failed to load class "org.slf4j.impl.StaticLoggerBinder".
SLF4J: Defaulting to no-operation (NOP) logger implementation
SLF4J: See http://www.slf4j.org/codes.html#StaticLoggerBinder for further details.
Starting ChromeDriver 106.0.5249.61 (511755355844955cd3e264779baf0dd38212a4d0-refs/branch-heads/5249@{#569}) on port 57049
Only local connections are allowed.
Please see https://chromedriver.chromium.org/security-considerations for suggestions on keeping ChromeDriver safe.
ChromeDriver was started successfully.
oct. 24, 2022 2:59:24 P.M. org.openqa.selenium.remote.ProtocolHandshake createSession
INFORMACI?N: Detected dialect: W3C
oct. 24, 2022 2:59:25 P.M. org.openqa.selenium.devtools.CdpVersionFinder findNearestMatch
ADVERTENCIA: Unable to find an exact match for CDP version 106, so returning the closest version found: a no-op implementation
oct. 24, 2022 2:59:25 P.M. org.openqa.selenium.devtools.CdpVersionFinder findNearestMatch
INFORMACI?N: Unable to find CDP implementation matching 106.
oct. 24, 2022 2:59:25 P.M. org.openqa.selenium.chromium.ChromiumDriver lambda$new$3
ADVERTENCIA: Unable to find version of CDP to use for . You may need to include a dependency on a specific version of the CDP using something similar to `org.seleniumhq.selenium:selenium-devtools-v86:4.1.3` where the version ("v86") matches the version of the chromium-based browser you're using and the version number of the artifact is the same as Selenium's.
]]></system-err>
  </testcase>
</testsuite>